<?xml version="1.0" encoding="UTF-8"?>
<!-- Generated by org.testng.reporters.JUnitReportReporter -->
<testsuite skipped="0" hostname="INLT1471" name="com.koch.testcases.TestRunner" tests="1" failures="0" timestamp="2020-10-28T12:04:02 IST" time="10.887" errors="0">
  <testcase name="getDepartureAirlineDetailsWithFareLessthan5000" time="10.887" classname="com.koch.testcases.TestRunner"/>
</testsuite> <!-- com.koch.testcases.TestRunner -->
